<?xml version="1.0" encoding="UTF-8"?>
<testsuite name="Register" tests="1" skipped="0" failures="1" errors="0" timestamp="2025-04-27T23:09:47" hostname="juan-Inspiron-15-3520" time="67.616">
  <properties/>
  <testcase name="Register Successful" classname="Register" time="67.616">
    <failure message="net.thucydides.core.webdriver.DriverConfigurationError: Could not instantiate class org.openqa.selenium.chrome.ChromeDriver" type="net.thucydides.core.webdriver.DriverConfigurationError">net.thucydides.core.webdriver.DriverConfigurationError: Could not instantiate class org.openqa.selenium.chrome.ChromeDriver
	at app//net.thucydides.core.webdriver.WebDriverFacade.newDriverInstance(WebDriverFacade.java:144)
	at app//net.thucydides.core.webdriver.WebDriverFacade.newProxyDriver(WebDriverFacade.java:132)
	at app//net.thucydides.core.webdriver.WebDriverFacade.getProxiedDriver(WebDriverFacade.java:102)
	at app//net.thucydides.core.webdriver.WebDriverFacade.get(WebDriverFacade.java:172)
	at app//net.serenitybdd.core.pages.PageObject.openPageAtUrl(PageObject.java:907)
	at app//net.serenitybdd.core.pages.PageObject.open(PageObject.java:806)
	at app//net.serenitybdd.core.pages.PageObject.open(PageObject.java:794)
	at app//com.co.prueba.steps.RegistrStep.openBrowser(RegistrStep.java:18)
	at app//com.co.prueba.steps.RegistrStep$ByteBuddy$ihkS4g0S.openBrowser$accessor$ovVRGnHp(Unknown Source)
	at java.base@17.0.9/jdk.internal.reflect.NativeMethodAccessorImpl.invoke0(Native Method)
	at java.base@17.0.9/jdk.internal.reflect.NativeMethodAccessorImpl.invoke(NativeMethodAccessorImpl.java:77)
	at java.base@17.0.9/jdk.internal.reflect.DelegatingMethodAccessorImpl.invoke(DelegatingMethodAccessorImpl.java:43)
	at java.base@17.0.9/java.lang.reflect.Method.invoke(Method.java:568)
	at app//net.thucydides.core.steps.StepInterceptor.invokeMethod(StepInterceptor.java:504)
	at app//net.thucydides.core.steps.StepInterceptor.executeTestStepMethod(StepInterceptor.java:484)
	at app//net.thucydides.core.steps.StepInterceptor.runTestStep(StepInterceptor.java:458)
	at app//net.thucydides.core.steps.StepInterceptor.runOrSkipMethod(StepInterceptor.java:210)
	at app//net.thucydides.core.steps.StepInterceptor.testStepResult(StepInterceptor.java:197)
	at app//net.thucydides.core.steps.StepInterceptor.intercept(StepInterceptor.java:85)
	at app//net.thucydides.core.steps.ProxyConfiguration$InterceptorDispatcher.intercept(ProxyConfiguration.java:51)
	at app//com.co.prueba.steps.RegistrStep$ByteBuddy$ihkS4g0S.openBrowser(Unknown Source)
	at app//com.co.prueba.stepsdefinitions.Registerstepsdefinitions.heUserIsOnTheWebPage(Registerstepsdefinitions.java:20)
	at âœ½.He user is on the web page(file:///home/juan/Escritorio/Formulario-Automatizacion/src/test/resources/features/register.feature:5)
Caused by: net.thucydides.core.webdriver.DriverConfigurationError: Could not instantiate new WebDriver instance of type class org.openqa.selenium.chrome.ChromeDriver (session not created: DevToolsActivePort file doesn't exist
Build info: version: '3.141.59', revision: 'e82be7d358', time: '2018-11-14T08:17:03'
System info: host: 'juan-Inspiron-15-3520', ip: '127.0.1.1', os.name: 'Linux', os.arch: 'amd64', os.version: '6.8.0-58-generic', java.version: '17.0.9'
Driver info: driver.version: ProvideNewDriver
remote stacktrace: #0 0x601f12823e93 &lt;unknown&gt;
#1 0x601f1251bce6 &lt;unknown&gt;
#2 0x601f12554f36 &lt;unknown&gt;
#3 0x601f12550c1e &lt;unknown&gt;
#4 0x601f1254c6ed &lt;unknown&gt;
#5 0x601f1259571c &lt;unknown&gt;
#6 0x601f12588c53 &lt;unknown&gt;
#7 0x601f12559db3 &lt;unknown&gt;
#8 0x601f1255a77e &lt;unknown&gt;
#9 0x601f127e97cb &lt;unknown&gt;
#10 0x601f127ed7e5 &lt;unknown&gt;
#11 0x601f127d70e1 &lt;unknown&gt;
#12 0x601f127ee372 &lt;unknown&gt;
#13 0x601f127bb1bf &lt;unknown&gt;
#14 0x601f12812488 &lt;unknown&gt;
#15 0x601f12812683 &lt;unknown&gt;
#16 0x601f12823044 &lt;unknown&gt;
#17 0x7b39d0294ac3 &lt;unknown&gt;
). See below for more details.
	at app//net.thucydides.core.webdriver.WebDriverFactory.newWebdriverInstance(WebDriverFactory.java:148)
	at app//net.thucydides.core.webdriver.WebDriverFacade.newDriverInstance(WebDriverFacade.java:141)
	at app//net.thucydides.core.webdriver.WebDriverFacade.newProxyDriver(WebDriverFacade.java:132)
	at app//net.thucydides.core.webdriver.WebDriverFacade.getProxiedDriver(WebDriverFacade.java:102)
	at app//net.thucydides.core.webdriver.WebDriverFacade.get(WebDriverFacade.java:172)
	at app//net.serenitybdd.core.pages.PageObject.openPageAtUrl(PageObject.java:907)
	at app//net.serenitybdd.core.pages.PageObject.open(PageObject.java:806)
	at app//net.serenitybdd.core.pages.PageObject.open(PageObject.java:794)
	at app//com.co.prueba.steps.RegistrStep.openBrowser(RegistrStep.java:18)
	at app//com.co.prueba.steps.RegistrStep$ByteBuddy$ihkS4g0S.openBrowser$accessor$ovVRGnHp(Unknown Source)
	at java.base@17.0.9/jdk.internal.reflect.NativeMethodAccessorImpl.invoke0(Native Method)
	at java.base@17.0.9/jdk.internal.reflect.NativeMethodAccessorImpl.invoke(NativeMethodAccessorImpl.java:77)
	at java.base@17.0.9/jdk.internal.reflect.DelegatingMethodAccessorImpl.invoke(DelegatingMethodAccessorImpl.java:43)
	at java.base@17.0.9/java.lang.reflect.Method.invoke(Method.java:568)
	at app//net.thucydides.core.steps.StepInterceptor.invokeMethod(StepInterceptor.java:504)
	at app//net.thucydides.core.steps.StepInterceptor.executeTestStepMethod(StepInterceptor.java:484)
	at app//net.thucydides.core.steps.StepInterceptor.runTestStep(StepInterceptor.java:458)
	at app//net.thucydides.core.steps.StepInterceptor.runOrSkipMethod(StepInterceptor.java:210)
	at app//net.thucydides.core.steps.StepInterceptor.testStepResult(StepInterceptor.java:197)
	at app//net.thucydides.core.steps.StepInterceptor.intercept(StepInterceptor.java:85)
	at app//net.thucydides.core.steps.ProxyConfiguration$InterceptorDispatcher.intercept(ProxyConfiguration.java:51)
	at app//com.co.prueba.steps.RegistrStep$ByteBuddy$ihkS4g0S.openBrowser(Unknown Source)
	at app//com.co.prueba.stepsdefinitions.Registerstepsdefinitions.heUserIsOnTheWebPage(Registerstepsdefinitions.java:20)
	at java.base@17.0.9/jdk.internal.reflect.NativeMethodAccessorImpl.invoke0(Native Method)
	at java.base@17.0.9/jdk.internal.reflect.NativeMethodAccessorImpl.invoke(NativeMethodAccessorImpl.java:77)
	at java.base@17.0.9/jdk.internal.reflect.DelegatingMethodAccessorImpl.invoke(DelegatingMethodAccessorImpl.java:43)
	at java.base@17.0.9/java.lang.reflect.Method.invoke(Method.java:568)
	at app//io.cucumber.java.Invoker.doInvoke(Invoker.java:66)
	at app//io.cucumber.java.Invoker.invoke(Invoker.java:24)
	at app//io.cucumber.java.AbstractGlueDefinition.invokeMethod(AbstractGlueDefinition.java:47)
	at app//io.cucumber.java.JavaStepDefinition.execute(JavaStepDefinition.java:29)
	at app//io.cucumber.core.runner.CoreStepDefinition.execute(CoreStepDefinition.java:66)
	at app//io.cucumber.core.runner.PickleStepDefinitionMatch.runStep(PickleStepDefinitionMatch.java:63)
	at app//io.cucumber.core.runner.ExecutionMode$1.execute(ExecutionMode.java:10)
	at app//io.cucumber.core.runner.TestStep.executeStep(TestStep.java:92)
	at app//io.cucumber.core.runner.TestStep.run(TestStep.java:64)
	at app//io.cucumber.core.runner.PickleStepTestStep.run(PickleStepTestStep.java:51)
	at app//io.cucumber.core.runner.TestCase.run(TestCase.java:104)
	at app//io.cucumber.core.runner.Runner.runPickle(Runner.java:73)
	at app//io.cucumber.junit.PickleRunners$NoStepDescriptions.run(PickleRunners.java:151)
	at app//io.cucumber.junit.FeatureRunner.runChild(FeatureRunner.java:135)
	at app//io.cucumber.junit.FeatureRunner.runChild(FeatureRunner.java:27)
	at app//org.junit.runners.ParentRunner$4.run(ParentRunner.java:331)
	at app//org.junit.runners.ParentRunner$1.schedule(ParentRunner.java:79)
	at app//org.junit.runners.ParentRunner.runChildren(ParentRunner.java:329)
	at app//org.junit.runners.ParentRunner.access$100(ParentRunner.java:66)
	at app//org.junit.runners.ParentRunner$2.evaluate(ParentRunner.java:293)
	at app//org.junit.runners.ParentRunner$3.evaluate(ParentRunner.java:306)
	at app//org.junit.runners.ParentRunner.run(ParentRunner.java:413)
	at app//io.cucumber.junit.CucumberSerenityRunner.runChild(CucumberSerenityRunner.java:258)
	at app//io.cucumber.junit.CucumberSerenityRunner.runChild(CucumberSerenityRunner.java:57)
	at app//org.junit.runners.ParentRunner$4.run(ParentRunner.java:331)
	at app//org.junit.runners.ParentRunner$1.schedule(ParentRunner.java:79)
	at app//org.junit.runners.ParentRunner.runChildren(ParentRunner.java:329)
	at app//org.junit.runners.ParentRunner.access$100(ParentRunner.java:66)
	at app//org.junit.runners.ParentRunner$2.evaluate(ParentRunner.java:293)
	at app//io.cucumber.junit.CucumberSerenityRunner$RunCucumber.evaluate(CucumberSerenityRunner.java:286)
	at app//org.junit.runners.ParentRunner$3.evaluate(ParentRunner.java:306)
	at app//org.junit.runners.ParentRunner.run(ParentRunner.java:413)
	at org.gradle.api.internal.tasks.testing.junit.JUnitTestClassExecutor.runTestClass(JUnitTestClassExecutor.java:110)
	at org.gradle.api.internal.tasks.testing.junit.JUnitTestClassExecutor.execute(JUnitTestClassExecutor.java:58)
	at org.gradle.api.internal.tasks.testing.junit.JUnitTestClassExecutor.execute(JUnitTestClassExecutor.java:38)
	at org.gradle.api.internal.tasks.testing.junit.AbstractJUnitTestClassProcessor.processTestClass(AbstractJUnitTestClassProcessor.java:62)
	at org.gradle.api.internal.tasks.testing.SuiteTestClassProcessor.processTestClass(SuiteTestClassProcessor.java:51)
	at java.base@17.0.9/jdk.internal.reflect.NativeMethodAccessorImpl.invoke0(Native Method)
	at java.base@17.0.9/jdk.internal.reflect.NativeMethodAccessorImpl.invoke(NativeMethodAccessorImpl.java:77)
	at java.base@17.0.9/jdk.internal.reflect.DelegatingMethodAccessorImpl.invoke(DelegatingMethodAccessorImpl.java:43)
	at java.base@17.0.9/java.lang.reflect.Method.invoke(Method.java:568)
	at org.gradle.internal.dispatch.ReflectionDispatch.dispatch(ReflectionDispatch.java:36)
	at org.gradle.internal.dispatch.ReflectionDispatch.dispatch(ReflectionDispatch.java:24)
	at org.gradle.internal.dispatch.ContextClassLoaderDispatch.dispatch(ContextClassLoaderDispatch.java:33)
	at org.gradle.internal.dispatch.ProxyDispatchAdapter$DispatchingInvocationHandler.invoke(ProxyDispatchAdapter.java:94)
	at jdk.proxy1/jdk.proxy1.$Proxy2.processTestClass(Unknown Source)
	at org.gradle.api.internal.tasks.testing.worker.TestWorker$2.run(TestWorker.java:176)
	at org.gradle.api.internal.tasks.testing.worker.TestWorker.executeAndMaintainThreadName(TestWorker.java:129)
	at org.gradle.api.internal.tasks.testing.worker.TestWorker.execute(TestWorker.java:100)
	at org.gradle.api.internal.tasks.testing.worker.TestWorker.execute(TestWorker.java:60)
	at org.gradle.process.internal.worker.child.ActionExecutionWorker.execute(ActionExecutionWorker.java:56)
	at org.gradle.process.internal.worker.child.SystemApplicationClassLoaderWorker.call(SystemApplicationClassLoaderWorker.java:133)
	at org.gradle.process.internal.worker.child.SystemApplicationClassLoaderWorker.call(SystemApplicationClassLoaderWorker.java:71)
	at app//worker.org.gradle.process.internal.worker.GradleWorkerMain.run(GradleWorkerMain.java:69)
	at app//worker.org.gradle.process.internal.worker.GradleWorkerMain.main(GradleWorkerMain.java:74)
Caused by: org.openqa.selenium.SessionNotCreatedException: session not created: DevToolsActivePort file doesn't exist
Build info: version: '3.141.59', revision: 'e82be7d358', time: '2018-11-14T08:17:03'
System info: host: 'juan-Inspiron-15-3520', ip: '127.0.1.1', os.name: 'Linux', os.arch: 'amd64', os.version: '6.8.0-58-generic', java.version: '17.0.9'
Driver info: driver.version: ProvideNewDriver
remote stacktrace: #0 0x601f12823e93 &lt;unknown&gt;
#1 0x601f1251bce6 &lt;unknown&gt;
#2 0x601f12554f36 &lt;unknown&gt;
#3 0x601f12550c1e &lt;unknown&gt;
#4 0x601f1254c6ed &lt;unknown&gt;
#5 0x601f1259571c &lt;unknown&gt;
#6 0x601f12588c53 &lt;unknown&gt;
#7 0x601f12559db3 &lt;unknown&gt;
#8 0x601f1255a77e &lt;unknown&gt;
#9 0x601f127e97cb &lt;unknown&gt;
#10 0x601f127ed7e5 &lt;unknown&gt;
#11 0x601f127d70e1 &lt;unknown&gt;
#12 0x601f127ee372 &lt;unknown&gt;
#13 0x601f127bb1bf &lt;unknown&gt;
#14 0x601f12812488 &lt;unknown&gt;
#15 0x601f12812683 &lt;unknown&gt;
#16 0x601f12823044 &lt;unknown&gt;
#17 0x7b39d0294ac3 &lt;unknown&gt;

	at java.base@17.0.9/jdk.internal.reflect.NativeConstructorAccessorImpl.newInstance0(Native Method)
	at java.base@17.0.9/jdk.internal.reflect.NativeConstructorAccessorImpl.newInstance(NativeConstructorAccessorImpl.java:77)
	at java.base@17.0.9/jdk.internal.reflect.DelegatingConstructorAccessorImpl.newInstance(DelegatingConstructorAccessorImpl.java:45)
	at java.base@17.0.9/java.lang.reflect.Constructor.newInstanceWithCaller(Constructor.java:499)
	at java.base@17.0.9/java.lang.reflect.Constructor.newInstance(Constructor.java:480)
	at app//org.openqa.selenium.remote.W3CHandshakeResponse.lambda$errorHandler$0(W3CHandshakeResponse.java:62)
	at app//org.openqa.selenium.remote.HandshakeResponse.lambda$getResponseFunction$0(HandshakeResponse.java:30)
	at app//org.openqa.selenium.remote.ProtocolHandshake.lambda$createSession$0(ProtocolHandshake.java:126)
	at java.base@17.0.9/java.util.stream.ReferencePipeline$3$1.accept(ReferencePipeline.java:197)
	at java.base@17.0.9/java.util.Spliterators$ArraySpliterator.tryAdvance(Spliterators.java:1002)
	at java.base@17.0.9/java.util.stream.ReferencePipeline.forEachWithCancel(ReferencePipeline.java:129)
	at java.base@17.0.9/java.util.stream.AbstractPipeline.copyIntoWithCancel(AbstractPipeline.java:527)
	at java.base@17.0.9/java.util.stream.AbstractPipeline.copyInto(AbstractPipeline.java:513)
	at java.base@17.0.9/java.util.stream.AbstractPipeline.wrapAndCopyInto(AbstractPipeline.java:499)
	at java.base@17.0.9/java.util.stream.FindOps$FindOp.evaluateSequential(FindOps.java:150)
	at java.base@17.0.9/java.util.stream.AbstractPipeline.evaluate(AbstractPipeline.java:234)
	at java.base@17.0.9/java.util.stream.ReferencePipeline.findFirst(ReferencePipeline.java:647)
	at app//org.openqa.selenium.remote.ProtocolHandshake.createSession(ProtocolHandshake.java:128)
	at app//org.openqa.selenium.remote.ProtocolHandshake.createSession(ProtocolHandshake.java:74)
	at app//org.openqa.selenium.remote.HttpCommandExecutor.execute(HttpCommandExecutor.java:136)
	at app//org.openqa.selenium.remote.service.DriverCommandExecutor.execute(DriverCommandExecutor.java:83)
	at app//org.openqa.selenium.remote.RemoteWebDriver.execute(RemoteWebDriver.java:552)
	at app//org.openqa.selenium.remote.RemoteWebDriver.startSession(RemoteWebDriver.java:213)
	at app//org.openqa.selenium.remote.RemoteWebDriver.&lt;init&gt;(RemoteWebDriver.java:131)
	at app//org.openqa.selenium.chrome.ChromeDriver.&lt;init&gt;(ChromeDriver.java:181)
	at app//org.openqa.selenium.chrome.ChromeDriver.&lt;init&gt;(ChromeDriver.java:168)
	at app//org.openqa.selenium.chrome.ChromeDriver.&lt;init&gt;(ChromeDriver.java:157)
	at app//net.serenitybdd.core.webdriver.driverproviders.ChromeDriverProvider.lambda$newInstance$0(ChromeDriverProvider.java:66)
	at app//net.serenitybdd.core.webdriver.driverproviders.ProvideNewDriver.withConfiguration(ProvideNewDriver.java:40)
	at app//net.serenitybdd.core.webdriver.driverproviders.ChromeDriverProvider.newInstance(ChromeDriverProvider.java:62)
	at app//net.thucydides.core.webdriver.WebDriverFactory.createWebDriver(WebDriverFactory.java:159)
	at app//net.thucydides.core.webdriver.WebDriverFactory.newWebdriverInstance(WebDriverFactory.java:138)
	... 81 more
</failure>
  </testcase>
  <system-out><![CDATA[]]></system-out>
  <system-err><![CDATA[[Test worker] INFO io.cucumber.core.plugin.SerenityReporter - Running feature from file:///home/juan/Escritorio/Formulario-Automatizacion/src/test/resources/features/register.feature
[Test worker] INFO  - 
  _____   ___   ___   _____     ___   _____     _     ___   _____   ___   ___  
 |_   _| | __| / __| |_   _|   / __| |_   _|   /_\   | _ \ |_   _| | __| |   \ 
   | |   | _|  \__ \   | |     \__ \   | |    / _ \  |   /   | |   | _|  | |) |
   |_|   |___| |___/   |_|     |___/   |_|   /_/ \_\ |_|_\   |_|   |___| |___/ 

Register Successful(register;register-successful)
--------------------------------------------------------------------------------
[Test worker] INFO net.thucydides.core.model.TestOutcome - SetUserStory Register
[Test worker] INFO net.thucydides.core.model.TestOutcome - SetUserStory Register
[Test worker] INFO net.serenitybdd.core.webdriver.driverproviders.ChromeDriverProvider - Using automatically driver download
[Test worker] ERROR io.github.bonigarcia.wdm.online.HttpClient - Error HTTP 404 executing https://chromedriver.storage.googleapis.com/LATEST_RELEASE_135
[Test worker] WARN io.github.bonigarcia.wdm.versions.VersionDetector - Exception reading https://chromedriver.storage.googleapis.com/LATEST_RELEASE_135 to get latest version of chromedriver (Error HTTP 404 executing https://chromedriver.storage.googleapis.com/LATEST_RELEASE_135)
[Test worker] INFO io.github.bonigarcia.wdm.WebDriverManager - Reading https://chromedriver.storage.googleapis.com/ to seek chromedriver
[Test worker] INFO io.github.bonigarcia.wdm.online.Downloader - Downloading https://chromedriver.storage.googleapis.com/114.0.5735.90/chromedriver_linux64.zip
[Test worker] INFO io.github.bonigarcia.wdm.online.Downloader - Extracting driver from compressed file chromedriver_linux64.zip
[Test worker] INFO io.github.bonigarcia.wdm.WebDriverManager - Exporting webdriver.chrome.driver as /home/juan/.cache/selenium/chromedriver/linux64/114.0.5735.90/chromedriver
[Test worker] INFO net.serenitybdd.core.webdriver.driverproviders.ProvideNewDriver - Instantiating driver
[Test worker] INFO net.serenitybdd.core.webdriver.driverproviders.ProvideNewDriver - Driver capabilities: Capabilities {acceptInsecureCerts: false, browserName: chrome, chrome.driver: /home/juan/Escritorio/drive..., driver: chrome, goog:chromeOptions: {args: [], extensions: []}, loggingPrefs: org.openqa.selenium.logging...}
Starting ChromeDriver 122.0.6261.94 (880dbf29479c6152d5e4f08dfd3a96b30f919e56-refs/branch-heads/6261@{#960}) on port 14083
Only local connections are allowed.
Please see https://chromedriver.chromium.org/security-considerations for suggestions on keeping ChromeDriver safe.
ChromeDriver was started successfully.
[Test worker] ERROR  - 
  _____   ___   ___   _____     ___   ___   ___    ___    ___ 
 |_   _| | __| / __| |_   _|   | __| | _ \ | _ \  / _ \  | _ \
   | |   | _|  \__ \   | |     | _|  |   / |   / | (_) | |   /
   |_|   |___| |___/   |_|     |___| |_|_\ |_|_\  \___/  |_|_\

Register Successful
---------------------------------------------------------------
[Test worker] ERROR  -     Test failed at step: Open browser
[Test worker] ERROR  -     Could not instantiate new WebDriver instance of type class org.openqa.selenium.chrome.ChromeDriver (session not created: DevToolsActivePort file doesn't exist
]]></system-err>
</testsuite>
